::1 - - [29/Nov/2020:16:58:06 +0200] "GET / HTTP/1.1" 500 168 "-" "Mozilla/5.0 (X11; Linux x86_64) AppleWebKit/537.36 (KHTML, like Gecko) Chrome/87.0.4280.67 Safari/537.36"
::1 - - [29/Nov/2020:16:59:38 +0200] "GET / HTTP/1.1" 500 168 "-" "Mozilla/5.0 (X11; Linux x86_64) AppleWebKit/537.36 (KHTML, like Gecko) Chrome/87.0.4280.67 Safari/537.36"
::1 - - [29/Nov/2020:17:00:43 +0200] "GET / HTTP/1.1" 500 168 "-" "Mozilla/5.0 (X11; Linux x86_64) AppleWebKit/537.36 (KHTML, like Gecko) Chrome/87.0.4280.67 Safari/537.36"
::1 - - [29/Nov/2020:17:01:53 +0200] "GET / HTTP/1.1" 500 168 "-" "Mozilla/5.0 (X11; Linux x86_64) AppleWebKit/537.36 (KHTML, like Gecko) Chrome/87.0.4280.67 Safari/537.36"
::1 - - [29/Nov/2020:17:01:54 +0200] "GET / HTTP/1.1" 500 168 "-" "Mozilla/5.0 (X11; Linux x86_64) AppleWebKit/537.36 (KHTML, like Gecko) Chrome/87.0.4280.67 Safari/537.36"
::1 - - [29/Nov/2020:17:01:54 +0200] "GET / HTTP/1.1" 500 168 "-" "Mozilla/5.0 (X11; Linux x86_64) AppleWebKit/537.36 (KHTML, like Gecko) Chrome/87.0.4280.67 Safari/537.36"
::1 - - [29/Nov/2020:17:02:32 +0200] "GET / HTTP/1.1" 500 168 "-" "Mozilla/5.0 (X11; Linux x86_64) AppleWebKit/537.36 (KHTML, like Gecko) Chrome/87.0.4280.67 Safari/537.36"
::1 - - [29/Nov/2020:17:02:32 +0200] "GET /css/style.css HTTP/1.1" 200 382 "http://localhost:303/" "Mozilla/5.0 (X11; Linux x86_64) AppleWebKit/537.36 (KHTML, like Gecko) Chrome/87.0.4280.67 Safari/537.36"
::1 - - [29/Nov/2020:17:03:25 +0200] "GET / HTTP/1.1" 500 168 "-" "Mozilla/5.0 (X11; Linux x86_64) AppleWebKit/537.36 (KHTML, like Gecko) Chrome/87.0.4280.67 Safari/537.36"
::1 - - [29/Nov/2020:17:03:36 +0200] "GET / HTTP/1.1" 500 168 "-" "Mozilla/5.0 (X11; Linux x86_64) AppleWebKit/537.36 (KHTML, like Gecko) Chrome/87.0.4280.67 Safari/537.36"
::1 - - [29/Nov/2020:17:03:37 +0200] "GET / HTTP/1.1" 500 168 "-" "Mozilla/5.0 (X11; Linux x86_64) AppleWebKit/537.36 (KHTML, like Gecko) Chrome/87.0.4280.67 Safari/537.36"
::1 - - [29/Nov/2020:17:03:37 +0200] "GET / HTTP/1.1" 500 168 "-" "Mozilla/5.0 (X11; Linux x86_64) AppleWebKit/537.36 (KHTML, like Gecko) Chrome/87.0.4280.67 Safari/537.36"
::1 - - [29/Nov/2020:17:04:14 +0200] "GET / HTTP/1.1" 200 157 "-" "Mozilla/5.0 (X11; Linux x86_64) AppleWebKit/537.36 (KHTML, like Gecko) Chrome/87.0.4280.67 Safari/537.36"
::1 - - [29/Nov/2020:17:04:14 +0200] "GET /css/style.css HTTP/1.1" 304 0 "http://localhost:303/" "Mozilla/5.0 (X11; Linux x86_64) AppleWebKit/537.36 (KHTML, like Gecko) Chrome/87.0.4280.67 Safari/537.36"
::1 - - [29/Nov/2020:17:06:03 +0200] "GET / HTTP/1.1" 200 157 "-" "Mozilla/5.0 (X11; Linux x86_64) AppleWebKit/537.36 (KHTML, like Gecko) Chrome/87.0.4280.67 Safari/537.36"
::1 - - [29/Nov/2020:17:06:03 +0200] "GET /css/style.css HTTP/1.1" 304 0 "http://localhost:303/" "Mozilla/5.0 (X11; Linux x86_64) AppleWebKit/537.36 (KHTML, like Gecko) Chrome/87.0.4280.67 Safari/537.36"
::1 - - [29/Nov/2020:17:06:04 +0200] "GET / HTTP/1.1" 200 157 "-" "Mozilla/5.0 (X11; Linux x86_64) AppleWebKit/537.36 (KHTML, like Gecko) Chrome/87.0.4280.67 Safari/537.36"
::1 - - [29/Nov/2020:17:06:13 +0200] "GET / HTTP/1.1" 200 248 "-" "Mozilla/5.0 (X11; Linux x86_64) AppleWebKit/537.36 (KHTML, like Gecko) Chrome/87.0.4280.67 Safari/537.36"
::1 - - [29/Nov/2020:17:06:16 +0200] "GET /? HTTP/1.1" 200 248 "http://localhost:303/" "Mozilla/5.0 (X11; Linux x86_64) AppleWebKit/537.36 (KHTML, like Gecko) Chrome/87.0.4280.67 Safari/537.36"
::1 - - [29/Nov/2020:17:06:18 +0200] "GET /? HTTP/1.1" 200 248 "http://localhost:303/?" "Mozilla/5.0 (X11; Linux x86_64) AppleWebKit/537.36 (KHTML, like Gecko) Chrome/87.0.4280.67 Safari/537.36"
::1 - - [29/Nov/2020:17:07:16 +0200] "GET /? HTTP/1.1" 200 248 "http://localhost:303/?" "Mozilla/5.0 (X11; Linux x86_64) AppleWebKit/537.36 (KHTML, like Gecko) Chrome/87.0.4280.67 Safari/537.36"
::1 - - [29/Nov/2020:17:11:41 +0200] "GET /? HTTP/1.1" 200 248 "http://localhost:303/?" "Mozilla/5.0 (X11; Linux x86_64) AppleWebKit/537.36 (KHTML, like Gecko) Chrome/87.0.4280.67 Safari/537.36"
::1 - - [29/Nov/2020:17:11:41 +0200] "GET /css/style.css HTTP/1.1" 304 0 "http://localhost:303/?" "Mozilla/5.0 (X11; Linux x86_64) AppleWebKit/537.36 (KHTML, like Gecko) Chrome/87.0.4280.67 Safari/537.36"
::1 - - [29/Nov/2020:18:09:29 +0200] "GET /? HTTP/1.1" 200 248 "http://localhost:303/?" "Mozilla/5.0 (X11; Linux x86_64) AppleWebKit/537.36 (KHTML, like Gecko) Chrome/87.0.4280.67 Safari/537.36"
::1 - - [29/Nov/2020:18:09:29 +0200] "GET /css/style.css HTTP/1.1" 304 0 "http://localhost:303/?" "Mozilla/5.0 (X11; Linux x86_64) AppleWebKit/537.36 (KHTML, like Gecko) Chrome/87.0.4280.67 Safari/537.36"
